<?xml version="1.0" encoding="UTF-8"?>
<testng-results ignored="0" total="2" passed="2" failed="0" skipped="0">
  <reporter-output>
  </reporter-output>
  <suite started-at="2025-07-07T12:19:29 IST" name="Suite" finished-at="2025-07-07T12:23:35 IST" duration-ms="245224">
    <groups>
    </groups>
    <test started-at="2025-07-07T12:19:29 IST" name="EdgeTest" finished-at="2025-07-07T12:21:57 IST" duration-ms="147738">
      <class name="com.selenium.tests.TestMain">
        <test-method is-config="true" signature="startReporter()[pri:0, instance:com.selenium.tests.TestMain@4e08711f]" started-at="2025-07-07T12:19:29 IST" name="startReporter" finished-at="2025-07-07T12:19:30 IST" duration-ms="282" status="PASS">
          <reporter-output>
          </reporter-output>
        </test-method> <!-- startReporter -->
        <test-method is-config="true" signature="setupDriver(java.lang.String)[pri:0, instance:com.selenium.tests.TestMain@4e08711f]" started-at="2025-07-07T12:19:30 IST" name="setupDriver" finished-at="2025-07-07T12:20:15 IST" duration-ms="45100" status="PASS">
          <params>
            <param index="0">
              <value>
                <![CDATA[edge]]>
              </value>
            </param>
          </params>
          <reporter-output>
          </reporter-output>
        </test-method> <!-- setupDriver -->
        <test-method signature="test_search_functionality()[pri:0, instance:com.selenium.tests.TestMain@4e08711f]" started-at="2025-07-07T12:20:15 IST" name="test_search_functionality" finished-at="2025-07-07T12:21:51 IST" duration-ms="96220" status="PASS">
          <reporter-output>
          </reporter-output>
        </test-method> <!-- test_search_functionality -->
        <test-method is-config="true" signature="getResult(org.testng.ITestResult)[pri:0, instance:com.selenium.tests.TestMain@4e08711f]" started-at="2025-07-07T12:21:51 IST" name="getResult" finished-at="2025-07-07T12:21:51 IST" duration-ms="2" status="PASS">
          <params>
            <param index="0">
              <value>
                <![CDATA[[TestResult name=test_search_functionality status=SUCCESS method=TestMain.test_search_functionality()[pri:0, instance:com.selenium.tests.TestMain@4e08711f] output={null}]]]>
              </value>
            </param>
          </params>
          <reporter-output>
          </reporter-output>
        </test-method> <!-- getResult -->
        <test-method is-config="true" signature="terminateBrowser()[pri:0, instance:com.selenium.tests.TestMain@4e08711f]" started-at="2025-07-07T12:21:51 IST" name="terminateBrowser" finished-at="2025-07-07T12:21:57 IST" duration-ms="5866" status="PASS">
          <reporter-output>
          </reporter-output>
        </test-method> <!-- terminateBrowser -->
        <test-method is-config="true" signature="flushReport()[pri:0, instance:com.selenium.tests.TestMain@4e08711f]" started-at="2025-07-07T12:21:57 IST" name="flushReport" finished-at="2025-07-07T12:21:57 IST" duration-ms="236" status="PASS">
          <reporter-output>
          </reporter-output>
        </test-method> <!-- flushReport -->
      </class> <!-- com.selenium.tests.TestMain -->
    </test> <!-- EdgeTest -->
    <test started-at="2025-07-07T12:21:57 IST" name="ChromeTest" finished-at="2025-07-07T12:23:35 IST" duration-ms="97465">
      <class name="com.selenium.tests.TestMain">
        <test-method is-config="true" signature="startReporter()[pri:0, instance:com.selenium.tests.TestMain@13b6aecc]" started-at="2025-07-07T12:21:57 IST" name="startReporter" finished-at="2025-07-07T12:21:57 IST" duration-ms="2" status="PASS">
          <reporter-output>
          </reporter-output>
        </test-method> <!-- startReporter -->
        <test-method is-config="true" signature="setupDriver(java.lang.String)[pri:0, instance:com.selenium.tests.TestMain@13b6aecc]" started-at="2025-07-07T12:21:57 IST" name="setupDriver" finished-at="2025-07-07T12:22:40 IST" duration-ms="42836" status="PASS">
          <params>
            <param index="0">
              <value>
                <![CDATA[chrome]]>
              </value>
            </param>
          </params>
          <reporter-output>
          </reporter-output>
        </test-method> <!-- setupDriver -->
        <test-method signature="test_search_functionality()[pri:0, instance:com.selenium.tests.TestMain@13b6aecc]" started-at="2025-07-07T12:22:40 IST" name="test_search_functionality" finished-at="2025-07-07T12:23:30 IST" duration-ms="50070" status="PASS">
          <reporter-output>
          </reporter-output>
        </test-method> <!-- test_search_functionality -->
        <test-method is-config="true" signature="getResult(org.testng.ITestResult)[pri:0, instance:com.selenium.tests.TestMain@13b6aecc]" started-at="2025-07-07T12:23:30 IST" name="getResult" finished-at="2025-07-07T12:23:30 IST" duration-ms="0" status="PASS">
          <params>
            <param index="0">
              <value>
                <![CDATA[[TestResult name=test_search_functionality status=SUCCESS method=TestMain.test_search_functionality()[pri:0, instance:com.selenium.tests.TestMain@13b6aecc] output={null}]]]>
              </value>
            </param>
          </params>
          <reporter-output>
          </reporter-output>
        </test-method> <!-- getResult -->
        <test-method is-config="true" signature="terminateBrowser()[pri:0, instance:com.selenium.tests.TestMain@13b6aecc]" started-at="2025-07-07T12:23:30 IST" name="terminateBrowser" finished-at="2025-07-07T12:23:35 IST" duration-ms="4515" status="PASS">
          <reporter-output>
          </reporter-output>
        </test-method> <!-- terminateBrowser -->
        <test-method is-config="true" signature="flushReport()[pri:0, instance:com.selenium.tests.TestMain@13b6aecc]" started-at="2025-07-07T12:23:35 IST" name="flushReport" finished-at="2025-07-07T12:23:35 IST" duration-ms="38" status="PASS">
          <reporter-output>
          </reporter-output>
        </test-method> <!-- flushReport -->
      </class> <!-- com.selenium.tests.TestMain -->
    </test> <!-- ChromeTest -->
  </suite> <!-- Suite -->
</testng-results>
