<?xml version="1.0" encoding="UTF-8"?>
<testng-results ignored="0" total="2" passed="2" failed="0" skipped="0">
  <reporter-output>
  </reporter-output>
  <suite started-at="2025-07-04T17:56:46 IST" name="Suite" finished-at="2025-07-04T17:59:59 IST" duration-ms="192985">
    <groups>
    </groups>
    <test started-at="2025-07-04T17:56:46 IST" name="EdgeTest" finished-at="2025-07-04T17:58:19 IST" duration-ms="92711">
      <class name="com.selenium.tests.TestMain">
        <test-method is-config="true" signature="startReporter()[pri:0, instance:com.selenium.tests.TestMain@4e08711f]" started-at="2025-07-04T17:56:46 IST" name="startReporter" finished-at="2025-07-04T17:56:46 IST" duration-ms="454" status="PASS">
          <reporter-output>
          </reporter-output>
        </test-method> <!-- startReporter -->
        <test-method is-config="true" signature="setupDriver(java.lang.String)[pri:0, instance:com.selenium.tests.TestMain@4e08711f]" started-at="2025-07-04T17:56:46 IST" name="setupDriver" finished-at="2025-07-04T17:57:00 IST" duration-ms="13870" status="PASS">
          <params>
            <param index="0">
              <value>
                <![CDATA[edge]]>
              </value>
            </param>
          </params>
          <reporter-output>
          </reporter-output>
        </test-method> <!-- setupDriver -->
        <test-method signature="test_search_functionality()[pri:0, instance:com.selenium.tests.TestMain@4e08711f]" started-at="2025-07-04T17:57:00 IST" name="test_search_functionality" finished-at="2025-07-04T17:58:12 IST" duration-ms="71831" status="PASS">
          <reporter-output>
          </reporter-output>
        </test-method> <!-- test_search_functionality -->
        <test-method is-config="true" signature="getResult(org.testng.ITestResult)[pri:0, instance:com.selenium.tests.TestMain@4e08711f]" started-at="2025-07-04T17:58:12 IST" name="getResult" finished-at="2025-07-04T17:58:12 IST" duration-ms="7" status="PASS">
          <params>
            <param index="0">
              <value>
                <![CDATA[[TestResult name=test_search_functionality status=SUCCESS method=TestMain.test_search_functionality()[pri:0, instance:com.selenium.tests.TestMain@4e08711f] output={null}]]]>
              </value>
            </param>
          </params>
          <reporter-output>
          </reporter-output>
        </test-method> <!-- getResult -->
        <test-method is-config="true" signature="terminateBrowser()[pri:0, instance:com.selenium.tests.TestMain@4e08711f]" started-at="2025-07-04T17:58:12 IST" name="terminateBrowser" finished-at="2025-07-04T17:58:18 IST" duration-ms="6128" status="PASS">
          <reporter-output>
          </reporter-output>
        </test-method> <!-- terminateBrowser -->
        <test-method is-config="true" signature="flushReport()[pri:0, instance:com.selenium.tests.TestMain@4e08711f]" started-at="2025-07-04T17:58:18 IST" name="flushReport" finished-at="2025-07-04T17:58:19 IST" duration-ms="350" status="PASS">
          <reporter-output>
          </reporter-output>
        </test-method> <!-- flushReport -->
      </class> <!-- com.selenium.tests.TestMain -->
    </test> <!-- EdgeTest -->
    <test started-at="2025-07-04T17:58:19 IST" name="ChromeTest" finished-at="2025-07-04T17:59:59 IST" duration-ms="100247">
      <class name="com.selenium.tests.TestMain">
        <test-method is-config="true" signature="startReporter()[pri:0, instance:com.selenium.tests.TestMain@13b6aecc]" started-at="2025-07-04T17:58:19 IST" name="startReporter" finished-at="2025-07-04T17:58:19 IST" duration-ms="3" status="PASS">
          <reporter-output>
          </reporter-output>
        </test-method> <!-- startReporter -->
        <test-method is-config="true" signature="setupDriver(java.lang.String)[pri:0, instance:com.selenium.tests.TestMain@13b6aecc]" started-at="2025-07-04T17:58:19 IST" name="setupDriver" finished-at="2025-07-04T17:58:32 IST" duration-ms="12902" status="PASS">
          <params>
            <param index="0">
              <value>
                <![CDATA[chrome]]>
              </value>
            </param>
          </params>
          <reporter-output>
          </reporter-output>
        </test-method> <!-- setupDriver -->
        <test-method signature="test_search_functionality()[pri:0, instance:com.selenium.tests.TestMain@13b6aecc]" started-at="2025-07-04T17:58:32 IST" name="test_search_functionality" finished-at="2025-07-04T17:59:53 IST" duration-ms="81306" status="PASS">
          <reporter-output>
          </reporter-output>
        </test-method> <!-- test_search_functionality -->
        <test-method is-config="true" signature="getResult(org.testng.ITestResult)[pri:0, instance:com.selenium.tests.TestMain@13b6aecc]" started-at="2025-07-04T17:59:53 IST" name="getResult" finished-at="2025-07-04T17:59:53 IST" duration-ms="1" status="PASS">
          <params>
            <param index="0">
              <value>
                <![CDATA[[TestResult name=test_search_functionality status=SUCCESS method=TestMain.test_search_functionality()[pri:0, instance:com.selenium.tests.TestMain@13b6aecc] output={null}]]]>
              </value>
            </param>
          </params>
          <reporter-output>
          </reporter-output>
        </test-method> <!-- getResult -->
        <test-method is-config="true" signature="terminateBrowser()[pri:0, instance:com.selenium.tests.TestMain@13b6aecc]" started-at="2025-07-04T17:59:53 IST" name="terminateBrowser" finished-at="2025-07-04T17:59:59 IST" duration-ms="5928" status="PASS">
          <reporter-output>
          </reporter-output>
        </test-method> <!-- terminateBrowser -->
        <test-method is-config="true" signature="flushReport()[pri:0, instance:com.selenium.tests.TestMain@13b6aecc]" started-at="2025-07-04T17:59:59 IST" name="flushReport" finished-at="2025-07-04T17:59:59 IST" duration-ms="100" status="PASS">
          <reporter-output>
          </reporter-output>
        </test-method> <!-- flushReport -->
      </class> <!-- com.selenium.tests.TestMain -->
    </test> <!-- ChromeTest -->
  </suite> <!-- Suite -->
</testng-results>
